<?xml version='1.0' encoding='UTF-8'?>
<testsuite hostname="TAG-1787.local" name="testJson.CalculatorSuite" tests="3" errors="0" failures="0" skipped="0" time="0.203" timestamp="2022-02-11T13:14:19">
          <properties>
      <property name="java.specification.version" value="17"/><property name="sun.jnu.encoding" value="UTF-8"/><property name="sun.arch.data.model" value="64"/><property name="sbt.supershell" value="false"/><property name="java.vendor.url" value="https://java.oracle.com/"/><property name="sun.boot.library.path" value="/Users/s.makarov/Library/Java/JavaVirtualMachines/openjdk-17.0.1/Contents/Home/lib"/><property name="sun.java.command" value="/Users/s.makarov/Library/Application Support/JetBrains/IdeaIC2021.3/plugins/Scala/launcher/sbt-launch.jar early(addPluginSbtFile=&quot;&quot;&quot;/private/var/folders/3y/84_n6yys69g2wq2rpf88wg18gs0j_m/T/idea587.sbt&quot;&quot;&quot;) ; set ideaPort in Global := 50573 ; idea-shell"/><property name="jdk.debug" value="release"/><property name="sun.stderr.encoding" value="UTF-8"/><property name="java.specification.vendor" value="Oracle Corporation"/><property name="java.version.date" value="2021-10-19"/><property name="java.home" value="/Users/s.makarov/Library/Java/JavaVirtualMachines/openjdk-17.0.1/Contents/Home"/><property name="file.separator" value="/"/><property name="java.vm.compressedOopsMode" value="Zero based"/><property name="line.separator" value="
"/><property name="sun.stdout.encoding" value="UTF-8"/><property name="java.vm.specification.vendor" value="Oracle Corporation"/><property name="java.specification.name" value="Java Platform API Specification"/><property name="idea.installation.dir" value="/Applications/IntelliJ IDEA CE.app/Contents"/><property name="sun.management.compiler" value="HotSpot 64-Bit Tiered Compilers"/><property name="java.runtime.version" value="17.0.1+12-39"/><property name="user.name" value="s.makarov"/><property name="log4j.ignoreTCL" value="true"/><property name="file.encoding" value="UTF-8"/><property name="jnidispatch.path" value="/Users/s.makarov/Library/Caches/JNA/temp/jna13090165375971886610.tmp"/><property name="jna.loaded" value="true"/><property name="java.io.tmpdir" value="/var/folders/3y/84_n6yys69g2wq2rpf88wg18gs0j_m/T/"/><property name="java.version" value="17.0.1"/><property name="java.vm.specification.name" value="Java Virtual Machine Specification"/><property name="native.encoding" value="UTF-8"/><property name="java.library.path" value="/Users/s.makarov/Library/Java/Extensions:/Library/Java/Extensions:/Network/Library/Java/Extensions:/System/Library/Java/Extensions:/usr/lib/java:."/><property name="java.vendor" value="Oracle Corporation"/><property name="sun.io.unicode.encoding" value="UnicodeBig"/><property name="java.class.path" value="/Users/s.makarov/Library/Application Support/JetBrains/IdeaIC2021.3/plugins/Scala/launcher/sbt-launch.jar"/><property name="java.vm.vendor" value="Oracle Corporation"/><property name="jline.shutdownhook" value="false"/><property name="user.timezone" value="Europe/Moscow"/><property name="java.vm.specification.version" value="17"/><property name="os.name" value="Mac OS X"/><property name="sun.java.launcher" value="SUN_STANDARD"/><property name="user.country" value="RU"/><property name="sun.cpu.endian" value="little"/><property name="user.home" value="/Users/s.makarov"/><property name="user.language" value="ru"/><property name="sbt.version" value="1.5.7"/><property name="swoval.tmpdir" value="/Users/s.makarov/.sbt/1.0"/><property name="jline.esc.timeout" value="0"/><property name="path.separator" value=":"/><property name="os.version" value="12.1"/><property name="jna.nosys" value="true"/><property name="java.runtime.name" value="OpenJDK Runtime Environment"/><property name="java.vm.name" value="OpenJDK 64-Bit Server VM"/><property name="jna.platform.library.path" value="/usr/lib:/usr/lib"/><property name="java.vendor.url.bug" value="https://bugreport.java.com/bugreport/"/><property name="user.dir" value="/Users/s.makarov/IdeaProjects/jsonGenerator"/><property name="os.arch" value="x86_64"/><property name="idea.managed" value="true"/><property name="java.vm.info" value="mixed mode, sharing"/><property name="java.vm.version" value="17.0.1+12-39"/><property name="java.class.version" value="61.0"/>
    </properties>
          <testcase classname="testJson.CalculatorSuite" name="length of Generator N bytes always should be more than N" time="0.14">
                      
                    </testcase><testcase classname="testJson.CalculatorSuite" name="length of Generator N bytes always should be less than N" time="0.062">
                      
                    </testcase><testcase classname="testJson.CalculatorSuite" name="length of Generator &lt; 55" time="0.001">
                      
                    </testcase>
          <system-out><![CDATA[]]></system-out>
          <system-err><![CDATA[]]></system-err>
        </testsuite>